<?xml version="1.0" encoding="UTF-8"?>
<testsuites errors="9" failures="9"><testsuite name="BackstopJS" tests="9" errors="9" failures="9"><testcase name=" ›› Button" classname="document"><error message="Design deviation ›› Button (document) component" type="CSS component"/><failure message="Design deviation ›› Button (document) component" type="CSS component"/></testcase><testcase name=" ›› Checkbox" classname="document"><error message="Design deviation ›› Checkbox (document) component" type="CSS component"/><failure message="Design deviation ›› Checkbox (document) component" type="CSS component"/></testcase><testcase name=" ›› Content placeholder" classname="document"><error message="Design deviation ›› Content placeholder (document) component" type="CSS component"/><failure message="Design deviation ›› Content placeholder (document) component" type="CSS component"/></testcase><testcase name=" ›› Form text" classname="document"><error message="Design deviation ›› Form text (document) component" type="CSS component"/><failure message="Design deviation ›› Form text (document) component" type="CSS component"/></testcase><testcase name=" ›› Input" classname="document"><error message="Design deviation ›› Input (document) component" type="CSS component"/><failure message="Design deviation ›› Input (document) component" type="CSS component"/></testcase><testcase name=" ›› Input icon" classname="document"><error message="Design deviation ›› Input icon (document) component" type="CSS component"/><failure message="Design deviation ›› Input icon (document) component" type="CSS component"/></testcase><testcase name=" ›› Label" classname="document"><error message="Design deviation ›› Label (document) component" type="CSS component"/><failure message="Design deviation ›› Label (document) component" type="CSS component"/></testcase><testcase name=" ›› List" classname="document"><error message="Design deviation ›› List (document) component" type="CSS component"/><failure message="Design deviation ›› List (document) component" type="CSS component"/></testcase><testcase name=" ›› Form Field" classname="document"><error message="Design deviation ›› Form Field (document) component" type="CSS component"/><failure message="Design deviation ›› Form Field (document) component" type="CSS component"/></testcase></testsuite></testsuites>