<?xml version="1.0" encoding="UTF-8"?>
<testsuites errors="17" failures="17"><testsuite name="BackstopJS" tests="17" errors="17" failures="17"><testcase name=" ›› Button" classname="document"><error message="Design deviation ›› Button (document) component" type="CSS component"/><failure message="Design deviation ›› Button (document) component" type="CSS component"/></testcase><testcase name=" ›› Checkbox" classname="document"><error message="Design deviation ›› Checkbox (document) component" type="CSS component"/><failure message="Design deviation ›› Checkbox (document) component" type="CSS component"/></testcase><testcase name=" ›› Content placeholder" classname="document"><error message="Design deviation ›› Content placeholder (document) component" type="CSS component"/><failure message="Design deviation ›› Content placeholder (document) component" type="CSS component"/></testcase><testcase name=" ›› Form text" classname="document"><error message="Design deviation ›› Form text (document) component" type="CSS component"/><failure message="Design deviation ›› Form text (document) component" type="CSS component"/></testcase><testcase name=" ›› Input" classname="document"><error message="Design deviation ›› Input (document) component" type="CSS component"/><failure message="Design deviation ›› Input (document) component" type="CSS component"/></testcase><testcase name=" ›› Input icon" classname="document"><error message="Design deviation ›› Input icon (document) component" type="CSS component"/><failure message="Design deviation ›› Input icon (document) component" type="CSS component"/></testcase><testcase name=" ›› Label" classname="document"><error message="Design deviation ›› Label (document) component" type="CSS component"/><failure message="Design deviation ›› Label (document) component" type="CSS component"/></testcase><testcase name=" ›› List" classname="document"><error message="Design deviation ›› List (document) component" type="CSS component"/><failure message="Design deviation ›› List (document) component" type="CSS component"/></testcase><testcase name=" ›› Form Field" classname="document"><error message="Design deviation ›› Form Field (document) component" type="CSS component"/><failure message="Design deviation ›› Form Field (document) component" type="CSS component"/></testcase><testcase name=" ›› Input addon" classname="document"><error message="Design deviation ›› Input addon (document) component" type="CSS component"/><failure message="Design deviation ›› Input addon (document) component" type="CSS component"/></testcase><testcase name=" ›› Dropdown - default" classname="body"><error message="Design deviation ›› Dropdown - default (body) component" type="CSS component"/><failure message="Design deviation ›› Dropdown - default (body) component" type="CSS component"/></testcase><testcase name=" ›› Dropdown - open" classname="body"><error message="Design deviation ›› Dropdown - open (body) component" type="CSS component"/><failure message="Design deviation ›› Dropdown - open (body) component" type="CSS component"/></testcase><testcase name=" ›› Dropdown - action" classname="body"><error message="Design deviation ›› Dropdown - action (body) component" type="CSS component"/><failure message="Design deviation ›› Dropdown - action (body) component" type="CSS component"/></testcase><testcase name=" ›› Dropdown - counter" classname="body"><error message="Design deviation ›› Dropdown - counter (body) component" type="CSS component"/><failure message="Design deviation ›› Dropdown - counter (body) component" type="CSS component"/></testcase><testcase name=" ›› Dropdown - select" classname="body"><error message="Design deviation ›› Dropdown - select (body) component" type="CSS component"/><failure message="Design deviation ›› Dropdown - select (body) component" type="CSS component"/></testcase><testcase name=" ›› Dropdown - multiselect" classname="body"><error message="Design deviation ›› Dropdown - multiselect (body) component" type="CSS component"/><failure message="Design deviation ›› Dropdown - multiselect (body) component" type="CSS component"/></testcase><testcase name=" ›› Radial Select" classname="document"><error message="Design deviation ›› Radial Select (document) component" type="CSS component"/><failure message="Design deviation ›› Radial Select (document) component" type="CSS component"/></testcase></testsuite></testsuites>