<?xml version="1.0" encoding="UTF-8"?>
<testsuites errors="13" failures="13"><testsuite name="BackstopJS" tests="31" errors="13" failures="13"><testcase name=" ›› Button" classname="document"/><testcase name=" ›› Checkbox" classname="document"/><testcase name=" ›› Content Placeholder" classname="document"/><testcase name=" ›› Form Text" classname="document"/><testcase name=" ›› Input " classname="document"/><testcase name=" ›› Input Icon" classname="document"/><testcase name=" ›› Label" classname="document"><error message="Design deviation ›› Label (document) component" type="CSS component"/><failure message="Design deviation ›› Label (document) component" type="CSS component"/></testcase><testcase name=" ›› List" classname="document"><error message="Design deviation ›› List (document) component" type="CSS component"/><failure message="Design deviation ›› List (document) component" type="CSS component"/></testcase><testcase name=" ›› Form Field" classname="document"><error message="Design deviation ›› Form Field (document) component" type="CSS component"/><failure message="Design deviation ›› Form Field (document) component" type="CSS component"/></testcase><testcase name=" ›› Input addon" classname="document"/><testcase name=" ›› Dropdown - default" classname="body"/><testcase name=" ›› Dropdown - open" classname="body"/><testcase name=" ›› Dropdown - action" classname="body"/><testcase name=" ›› Dropdown - counter" classname="body"/><testcase name=" ›› Dropdown - select" classname="body"/><testcase name=" ›› Dropdown - multiselect" classname="body"><error message="Design deviation ›› Dropdown - multiselect (body) component" type="CSS component"/><failure message="Design deviation ›› Dropdown - multiselect (body) component" type="CSS component"/></testcase><testcase name=" ›› Radial Select" classname="document"><error message="Design deviation ›› Radial Select (document) component" type="CSS component"/><failure message="Design deviation ›› Radial Select (document) component" type="CSS component"/></testcase><testcase name=" ›› Text Link" classname="document"><error message="Design deviation ›› Text Link (document) component" type="CSS component"/><failure message="Design deviation ›› Text Link (document) component" type="CSS component"/></testcase><testcase name=" ›› Warning" classname="document"/><testcase name=" ›› InputProgress" classname="document"/><testcase name=" ›› MenuExpandButton" classname="document"/><testcase name=" ›› MenuCollapseButton" classname="document"/><testcase name=" ›› MenuDefault" classname="document"><error message="Design deviation ›› MenuDefault (document) component" type="CSS component"/><failure message="Design deviation ›› MenuDefault (document) component" type="CSS component"/></testcase><testcase name=" ›› MenuDefault" classname="document"><error message="Design deviation ›› MenuDefault (document) component" type="CSS component"/><failure message="Design deviation ›› MenuDefault (document) component" type="CSS component"/></testcase><testcase name=" ›› MenuMobile" classname="document"><error message="Design deviation ›› MenuMobile (document) component" type="CSS component"/><failure message="Design deviation ›› MenuMobile (document) component" type="CSS component"/></testcase><testcase name=" ›› MenuListCategorie" classname="document"><error message="Design deviation ›› MenuListCategorie (document) component" type="CSS component"/><failure message="Design deviation ›› MenuListCategorie (document) component" type="CSS component"/></testcase><testcase name=" ›› MenuOpen" classname="document"><error message="Design deviation ›› MenuOpen (document) component" type="CSS component"/><failure message="Design deviation ›› MenuOpen (document) component" type="CSS component"/></testcase><testcase name=" ›› MenuSearchDefault" classname="document"/><testcase name=" ›› MenuSearchOpen" classname="document"><error message="Design deviation ›› MenuSearchOpen (document) component" type="CSS component"/><failure message="Design deviation ›› MenuSearchOpen (document) component" type="CSS component"/></testcase><testcase name=" ›› MenuListDefault" classname="document"/><testcase name=" ›› MenuListOpen" classname="document"><error message="Design deviation ›› MenuListOpen (document) component" type="CSS component"/><failure message="Design deviation ›› MenuListOpen (document) component" type="CSS component"/></testcase></testsuite></testsuites>