<?xml version="1.0" encoding="UTF-8"?>
<testsuites><testsuite name="BackstopJS" tests="30"><testcase name=" ›› Button" classname="document"/><testcase name=" ›› Checkbox" classname="document"/><testcase name=" ›› Content Placeholder" classname="document"/><testcase name=" ›› Form Text" classname="document"/><testcase name=" ›› Input " classname="document"/><testcase name=" ›› Input Icon" classname="document"/><testcase name=" ›› Label" classname="document"/><testcase name=" ›› List" classname="document"/><testcase name=" ›› Form Field" classname="document"/><testcase name=" ›› Input addon" classname="document"/><testcase name=" ›› Dropdown - default" classname="body"/><testcase name=" ›› Dropdown - open" classname="body"/><testcase name=" ›› Dropdown - action" classname="body"/><testcase name=" ›› Dropdown - counter" classname="body"/><testcase name=" ›› Dropdown - select" classname="body"/><testcase name=" ›› Dropdown - multiselect" classname="body"/><testcase name=" ›› Radial Select" classname="document"/><testcase name=" ›› Text Link" classname="document"/><testcase name=" ›› Warning" classname="document"/><testcase name=" ›› InputProgress" classname="document"/><testcase name=" ›› MenuExpandButton" classname="document"/><testcase name=" ›› MenuCollapseButton" classname="document"/><testcase name=" ›› MenuDefault" classname="document"/><testcase name=" ›› MenuOpen" classname="document"/><testcase name=" ›› MenuLogoFull" classname="document"/><testcase name=" ›› MenuLogo" classname="document"/><testcase name=" ›› MenuSearch" classname="document"/><testcase name=" ›› MenuBrandLogo" classname="document"/><testcase name=" ›› MenuList" classname="document"/><testcase name=" ›› MenuListFull" classname="document"/></testsuite></testsuites>